<?xml version="1.0" encoding="UTF-8"?>
<testsuite xmlns:xsi="http://www.w3.org/2001/XMLSchema-instance" xsi:noNamespaceSchemaLocation="https://maven.apache.org/surefire/maven-surefire-plugin/xsd/surefire-test-report.xsd" name="com.tianyi.datacenter.server.controller.object.DataObjectControllerUnitTest" time="0" tests="5" errors="0" skipped="0" failures="0">
  <properties>
    <property name="sun.desktop" value="windows"/>
    <property name="awt.toolkit" value="sun.awt.windows.WToolkit"/>
    <property name="file.encoding.pkg" value="sun.io"/>
    <property name="java.specification.version" value="1.8"/>
    <property name="sun.cpu.isalist" value="amd64"/>
    <property name="sun.jnu.encoding" value="GBK"/>
    <property name="java.class.path" value="D:\codeDemo\backend\DataCenter\DataCenterServer\target\test-classes;D:\codeDemo\backend\DataCenter\DataCenterServer\target\classes;D:\reponsitory\org\springframework\cloud\spring-cloud-starter-netflix-eureka-client\2.0.0.RELEASE\spring-cloud-starter-netflix-eureka-client-2.0.0.RELEASE.jar;D:\reponsitory\org\springframework\cloud\spring-cloud-starter\2.0.0.RELEASE\spring-cloud-starter-2.0.0.RELEASE.jar;D:\reponsitory\org\springframework\cloud\spring-cloud-context\2.0.0.RELEASE\spring-cloud-context-2.0.0.RELEASE.jar;D:\reponsitory\org\springframework\security\spring-security-crypto\5.0.9.RELEASE\spring-security-crypto-5.0.9.RELEASE.jar;D:\reponsitory\org\springframework\cloud\spring-cloud-commons\2.0.0.RELEASE\spring-cloud-commons-2.0.0.RELEASE.jar;D:\reponsitory\org\springframework\security\spring-security-rsa\1.0.5.RELEASE\spring-security-rsa-1.0.5.RELEASE.jar;D:\reponsitory\org\bouncycastle\bcpkix-jdk15on\1.56\bcpkix-jdk15on-1.56.jar;D:\reponsitory\org\bouncycastle\bcprov-jdk15on\1.56\bcprov-jdk15on-1.56.jar;D:\reponsitory\org\springframework\cloud\spring-cloud-netflix-core\2.0.0.RELEASE\spring-cloud-netflix-core-2.0.0.RELEASE.jar;D:\reponsitory\org\springframework\boot\spring-boot-autoconfigure\2.0.6.RELEASE\spring-boot-autoconfigure-2.0.6.RELEASE.jar;D:\reponsitory\org\springframework\cloud\spring-cloud-netflix-eureka-client\2.0.0.RELEASE\spring-cloud-netflix-eureka-client-2.0.0.RELEASE.jar;D:\reponsitory\com\netflix\eureka\eureka-client\1.9.2\eureka-client-1.9.2.jar;D:\reponsitory\org\codehaus\jettison\jettison\1.3.7\jettison-1.3.7.jar;D:\reponsitory\stax\stax-api\1.0.1\stax-api-1.0.1.jar;D:\reponsitory\com\netflix\netflix-commons\netflix-eventbus\0.3.0\netflix-eventbus-0.3.0.jar;D:\reponsitory\com\netflix\netflix-commons\netflix-infix\0.3.0\netflix-infix-0.3.0.jar;D:\reponsitory\commons-jxpath\commons-jxpath\1.3\commons-jxpath-1.3.jar;D:\reponsitory\joda-time\joda-time\2.9.9\joda-time-2.9.9.jar;D:\reponsitory\org\antlr\antlr-runtime\3.4\antlr-runtime-3.4.jar;D:\reponsitory\org\antlr\stringtemplate\3.2.1\stringtemplate-3.2.1.jar;D:\reponsitory\antlr\antlr\2.7.7\antlr-2.7.7.jar;D:\reponsitory\org\apache\commons\commons-math\2.2\commons-math-2.2.jar;D:\reponsitory\com\netflix\archaius\archaius-core\0.7.6\archaius-core-0.7.6.jar;D:\reponsitory\javax\ws\rs\jsr311-api\1.1.1\jsr311-api-1.1.1.jar;D:\reponsitory\com\netflix\servo\servo-core\0.12.21\servo-core-0.12.21.jar;D:\reponsitory\com\sun\jersey\jersey-core\1.19.1\jersey-core-1.19.1.jar;D:\reponsitory\com\sun\jersey\jersey-client\1.19.1\jersey-client-1.19.1.jar;D:\reponsitory\com\sun\jersey\contribs\jersey-apache-client4\1.19.1\jersey-apache-client4-1.19.1.jar;D:\reponsitory\com\google\inject\guice\4.1.0\guice-4.1.0.jar;D:\reponsitory\javax\inject\javax.inject\1\javax.inject-1.jar;D:\reponsitory\aopalliance\aopalliance\1.0\aopalliance-1.0.jar;D:\reponsitory\com\github\vlsi\compactmap\compactmap\1.2.1\compactmap-1.2.1.jar;D:\reponsitory\com\github\andrewoma\dexx\dexx-collections\0.2\dexx-collections-0.2.jar;D:\reponsitory\com\fasterxml\jackson\core\jackson-annotations\2.9.0\jackson-annotations-2.9.0.jar;D:\reponsitory\com\fasterxml\jackson\core\jackson-core\2.9.7\jackson-core-2.9.7.jar;D:\reponsitory\com\fasterxml\jackson\core\jackson-databind\2.9.7\jackson-databind-2.9.7.jar;D:\reponsitory\com\netflix\eureka\eureka-core\1.9.2\eureka-core-1.9.2.jar;D:\reponsitory\org\codehaus\woodstox\woodstox-core-asl\4.4.1\woodstox-core-asl-4.4.1.jar;D:\reponsitory\javax\xml\stream\stax-api\1.0-2\stax-api-1.0-2.jar;D:\reponsitory\org\codehaus\woodstox\stax2-api\3.1.4\stax2-api-3.1.4.jar;D:\reponsitory\org\springframework\cloud\spring-cloud-starter-netflix-archaius\2.0.0.RELEASE\spring-cloud-starter-netflix-archaius-2.0.0.RELEASE.jar;D:\reponsitory\org\springframework\cloud\spring-cloud-netflix-ribbon\2.0.0.RELEASE\spring-cloud-netflix-ribbon-2.0.0.RELEASE.jar;D:\reponsitory\org\springframework\cloud\spring-cloud-netflix-archaius\2.0.0.RELEASE\spring-cloud-netflix-archaius-2.0.0.RELEASE.jar;D:\reponsitory\commons-configuration\commons-configuration\1.8\commons-configuration-1.8.jar;D:\reponsitory\commons-lang\commons-lang\2.6\commons-lang-2.6.jar;D:\reponsitory\org\springframework\cloud\spring-cloud-starter-netflix-ribbon\2.0.0.RELEASE\spring-cloud-starter-netflix-ribbon-2.0.0.RELEASE.jar;D:\reponsitory\com\netflix\ribbon\ribbon\2.2.5\ribbon-2.2.5.jar;D:\reponsitory\com\netflix\ribbon\ribbon-transport\2.2.5\ribbon-transport-2.2.5.jar;D:\reponsitory\io\reactivex\rxnetty-contexts\0.4.9\rxnetty-contexts-0.4.9.jar;D:\reponsitory\io\reactivex\rxnetty-servo\0.4.9\rxnetty-servo-0.4.9.jar;D:\reponsitory\com\netflix\hystrix\hystrix-core\1.5.12\hystrix-core-1.5.12.jar;D:\reponsitory\org\hdrhistogram\HdrHistogram\2.1.9\HdrHistogram-2.1.9.jar;D:\reponsitory\io\reactivex\rxnetty\0.4.9\rxnetty-0.4.9.jar;D:\reponsitory\io\netty\netty-codec-http\4.1.29.Final\netty-codec-http-4.1.29.Final.jar;D:\reponsitory\io\netty\netty-codec\4.1.29.Final\netty-codec-4.1.29.Final.jar;D:\reponsitory\io\netty\netty-transport-native-epoll\4.1.29.Final\netty-transport-native-epoll-4.1.29.Final.jar;D:\reponsitory\io\netty\netty-common\4.1.29.Final\netty-common-4.1.29.Final.jar;D:\reponsitory\io\netty\netty-buffer\4.1.29.Final\netty-buffer-4.1.29.Final.jar;D:\reponsitory\io\netty\netty-transport-native-unix-common\4.1.29.Final\netty-transport-native-unix-common-4.1.29.Final.jar;D:\reponsitory\io\netty\netty-transport\4.1.29.Final\netty-transport-4.1.29.Final.jar;D:\reponsitory\io\netty\netty-resolver\4.1.29.Final\netty-resolver-4.1.29.Final.jar;D:\reponsitory\com\netflix\ribbon\ribbon-core\2.2.5\ribbon-core-2.2.5.jar;D:\reponsitory\com\netflix\ribbon\ribbon-httpclient\2.2.5\ribbon-httpclient-2.2.5.jar;D:\reponsitory\commons-collections\commons-collections\3.2.2\commons-collections-3.2.2.jar;D:\reponsitory\com\netflix\netflix-commons\netflix-commons-util\0.3.0\netflix-commons-util-0.3.0.jar;D:\reponsitory\com\netflix\ribbon\ribbon-loadbalancer\2.2.5\ribbon-loadbalancer-2.2.5.jar;D:\reponsitory\com\netflix\netflix-commons\netflix-statistics\0.1.1\netflix-statistics-0.1.1.jar;D:\reponsitory\io\reactivex\rxjava\1.3.8\rxjava-1.3.8.jar;D:\reponsitory\com\netflix\ribbon\ribbon-eureka\2.2.5\ribbon-eureka-2.2.5.jar;D:\reponsitory\com\thoughtworks\xstream\xstream\1.4.10\xstream-1.4.10.jar;D:\reponsitory\xmlpull\xmlpull\1.1.3.1\xmlpull-1.1.3.1.jar;D:\reponsitory\xpp3\xpp3_min\1.1.4c\xpp3_min-1.1.4c.jar;D:\reponsitory\org\springframework\boot\spring-boot-starter-web\2.0.6.RELEASE\spring-boot-starter-web-2.0.6.RELEASE.jar;D:\reponsitory\org\springframework\boot\spring-boot-starter\2.0.6.RELEASE\spring-boot-starter-2.0.6.RELEASE.jar;D:\reponsitory\org\springframework\boot\spring-boot\2.0.6.RELEASE\spring-boot-2.0.6.RELEASE.jar;D:\reponsitory\org\springframework\boot\spring-boot-starter-logging\2.0.6.RELEASE\spring-boot-starter-logging-2.0.6.RELEASE.jar;D:\reponsitory\ch\qos\logback\logback-classic\1.2.3\logback-classic-1.2.3.jar;D:\reponsitory\ch\qos\logback\logback-core\1.2.3\logback-core-1.2.3.jar;D:\reponsitory\org\apache\logging\log4j\log4j-to-slf4j\2.10.0\log4j-to-slf4j-2.10.0.jar;D:\reponsitory\org\apache\logging\log4j\log4j-api\2.10.0\log4j-api-2.10.0.jar;D:\reponsitory\org\slf4j\jul-to-slf4j\1.7.25\jul-to-slf4j-1.7.25.jar;D:\reponsitory\javax\annotation\javax.annotation-api\1.3.2\javax.annotation-api-1.3.2.jar;D:\reponsitory\org\springframework\boot\spring-boot-starter-json\2.0.6.RELEASE\spring-boot-starter-json-2.0.6.RELEASE.jar;D:\reponsitory\com\fasterxml\jackson\datatype\jackson-datatype-jdk8\2.9.7\jackson-datatype-jdk8-2.9.7.jar;D:\reponsitory\com\fasterxml\jackson\datatype\jackson-datatype-jsr310\2.9.7\jackson-datatype-jsr310-2.9.7.jar;D:\reponsitory\com\fasterxml\jackson\module\jackson-module-parameter-names\2.9.7\jackson-module-parameter-names-2.9.7.jar;D:\reponsitory\org\springframework\boot\spring-boot-starter-tomcat\2.0.6.RELEASE\spring-boot-starter-tomcat-2.0.6.RELEASE.jar;D:\reponsitory\org\apache\tomcat\embed\tomcat-embed-core\8.5.34\tomcat-embed-core-8.5.34.jar;D:\reponsitory\org\apache\tomcat\embed\tomcat-embed-el\8.5.34\tomcat-embed-el-8.5.34.jar;D:\reponsitory\org\apache\tomcat\embed\tomcat-embed-websocket\8.5.34\tomcat-embed-websocket-8.5.34.jar;D:\reponsitory\org\hibernate\validator\hibernate-validator\6.0.13.Final\hibernate-validator-6.0.13.Final.jar;D:\reponsitory\javax\validation\validation-api\2.0.1.Final\validation-api-2.0.1.Final.jar;D:\reponsitory\org\jboss\logging\jboss-logging\3.3.2.Final\jboss-logging-3.3.2.Final.jar;D:\reponsitory\org\springframework\spring-web\5.0.10.RELEASE\spring-web-5.0.10.RELEASE.jar;D:\reponsitory\org\springframework\spring-beans\5.0.10.RELEASE\spring-beans-5.0.10.RELEASE.jar;D:\reponsitory\org\springframework\spring-webmvc\5.0.10.RELEASE\spring-webmvc-5.0.10.RELEASE.jar;D:\reponsitory\org\springframework\spring-context\5.0.10.RELEASE\spring-context-5.0.10.RELEASE.jar;D:\reponsitory\org\springframework\spring-expression\5.0.10.RELEASE\spring-expression-5.0.10.RELEASE.jar;D:\reponsitory\org\springframework\boot\spring-boot-starter-aop\2.0.6.RELEASE\spring-boot-starter-aop-2.0.6.RELEASE.jar;D:\reponsitory\org\springframework\spring-aop\5.0.10.RELEASE\spring-aop-5.0.10.RELEASE.jar;D:\reponsitory\org\aspectj\aspectjweaver\1.8.13\aspectjweaver-1.8.13.jar;D:\reponsitory\com\google\code\gson\gson\2.7\gson-2.7.jar;D:\reponsitory\org\springframework\boot\spring-boot-starter-test\2.0.6.RELEASE\spring-boot-starter-test-2.0.6.RELEASE.jar;D:\reponsitory\org\springframework\boot\spring-boot-test\2.0.6.RELEASE\spring-boot-test-2.0.6.RELEASE.jar;D:\reponsitory\org\springframework\boot\spring-boot-test-autoconfigure\2.0.6.RELEASE\spring-boot-test-autoconfigure-2.0.6.RELEASE.jar;D:\reponsitory\com\jayway\jsonpath\json-path\2.4.0\json-path-2.4.0.jar;D:\reponsitory\net\minidev\json-smart\2.3\json-smart-2.3.jar;D:\reponsitory\net\minidev\accessors-smart\1.2\accessors-smart-1.2.jar;D:\reponsitory\org\ow2\asm\asm\5.0.4\asm-5.0.4.jar;D:\reponsitory\junit\junit\4.12\junit-4.12.jar;D:\reponsitory\org\assertj\assertj-core\3.9.1\assertj-core-3.9.1.jar;D:\reponsitory\org\hamcrest\hamcrest-core\1.3\hamcrest-core-1.3.jar;D:\reponsitory\org\hamcrest\hamcrest-library\1.3\hamcrest-library-1.3.jar;D:\reponsitory\org\skyscreamer\jsonassert\1.5.0\jsonassert-1.5.0.jar;D:\reponsitory\com\vaadin\external\google\android-json\0.0.20131108.vaadin1\android-json-0.0.20131108.vaadin1.jar;D:\reponsitory\org\springframework\spring-core\5.0.10.RELEASE\spring-core-5.0.10.RELEASE.jar;D:\reponsitory\org\springframework\spring-jcl\5.0.10.RELEASE\spring-jcl-5.0.10.RELEASE.jar;D:\reponsitory\org\springframework\spring-test\5.0.10.RELEASE\spring-test-5.0.10.RELEASE.jar;D:\reponsitory\org\xmlunit\xmlunit-core\2.5.1\xmlunit-core-2.5.1.jar;D:\reponsitory\org\mockito\mockito-core\2.15.0\mockito-core-2.15.0.jar;D:\reponsitory\net\bytebuddy\byte-buddy\1.7.11\byte-buddy-1.7.11.jar;D:\reponsitory\net\bytebuddy\byte-buddy-agent\1.7.11\byte-buddy-agent-1.7.11.jar;D:\reponsitory\org\objenesis\objenesis\2.6\objenesis-2.6.jar;D:\reponsitory\com\alibaba\fastjson\1.2.6\fastjson-1.2.6.jar;D:\reponsitory\org\mybatis\spring\boot\mybatis-spring-boot-starter\1.3.0\mybatis-spring-boot-starter-1.3.0.jar;D:\reponsitory\org\mybatis\spring\boot\mybatis-spring-boot-autoconfigure\1.3.0\mybatis-spring-boot-autoconfigure-1.3.0.jar;D:\reponsitory\org\mybatis\mybatis\3.4.4\mybatis-3.4.4.jar;D:\reponsitory\org\mybatis\mybatis-spring\1.3.1\mybatis-spring-1.3.1.jar;D:\reponsitory\org\mybatis\mybatis-typehandlers-jsr310\1.0.2\mybatis-typehandlers-jsr310-1.0.2.jar;D:\reponsitory\mysql\mysql-connector-java\5.1.47\mysql-connector-java-5.1.47.jar;D:\reponsitory\org\springframework\boot\spring-boot-starter-freemarker\2.0.6.RELEASE\spring-boot-starter-freemarker-2.0.6.RELEASE.jar;D:\reponsitory\org\freemarker\freemarker\2.3.28\freemarker-2.3.28.jar;D:\reponsitory\org\springframework\spring-context-support\5.0.10.RELEASE\spring-context-support-5.0.10.RELEASE.jar;D:\reponsitory\org\apache\httpcomponents\httpclient\4.5.2\httpclient-4.5.2.jar;D:\reponsitory\org\apache\httpcomponents\httpcore\4.4.10\httpcore-4.4.10.jar;D:\reponsitory\commons-codec\commons-codec\1.11\commons-codec-1.11.jar;D:\reponsitory\org\apache\httpcomponents\httpmime\4.5.2\httpmime-4.5.2.jar;D:\reponsitory\com\alibaba\druid\1.1.10\druid-1.1.10.jar;D:\reponsitory\org\springframework\boot\spring-boot-starter-jdbc\2.0.6.RELEASE\spring-boot-starter-jdbc-2.0.6.RELEASE.jar;D:\reponsitory\com\zaxxer\HikariCP\2.7.9\HikariCP-2.7.9.jar;D:\reponsitory\org\springframework\spring-jdbc\5.0.10.RELEASE\spring-jdbc-5.0.10.RELEASE.jar;D:\reponsitory\org\springframework\spring-tx\5.0.10.RELEASE\spring-tx-5.0.10.RELEASE.jar;D:\reponsitory\org\yaml\snakeyaml\1.19\snakeyaml-1.19.jar;D:\reponsitory\io\springfox\springfox-swagger2\2.6.1\springfox-swagger2-2.6.1.jar;D:\reponsitory\io\swagger\swagger-annotations\1.5.10\swagger-annotations-1.5.10.jar;D:\reponsitory\io\swagger\swagger-models\1.5.10\swagger-models-1.5.10.jar;D:\reponsitory\io\springfox\springfox-spi\2.6.1\springfox-spi-2.6.1.jar;D:\reponsitory\io\springfox\springfox-core\2.6.1\springfox-core-2.6.1.jar;D:\reponsitory\io\springfox\springfox-schema\2.6.1\springfox-schema-2.6.1.jar;D:\reponsitory\io\springfox\springfox-swagger-common\2.6.1\springfox-swagger-common-2.6.1.jar;D:\reponsitory\io\springfox\springfox-spring-web\2.6.1\springfox-spring-web-2.6.1.jar;D:\reponsitory\com\google\guava\guava\18.0\guava-18.0.jar;D:\reponsitory\com\fasterxml\classmate\1.3.4\classmate-1.3.4.jar;D:\reponsitory\org\slf4j\slf4j-api\1.7.25\slf4j-api-1.7.25.jar;D:\reponsitory\org\springframework\plugin\spring-plugin-core\1.2.0.RELEASE\spring-plugin-core-1.2.0.RELEASE.jar;D:\reponsitory\org\springframework\plugin\spring-plugin-metadata\1.2.0.RELEASE\spring-plugin-metadata-1.2.0.RELEASE.jar;D:\reponsitory\org\mapstruct\mapstruct\1.0.0.Final\mapstruct-1.0.0.Final.jar;D:\reponsitory\io\springfox\springfox-swagger-ui\2.6.1\springfox-swagger-ui-2.6.1.jar;"/>
    <property name="java.vm.vendor" value="Oracle Corporation"/>
    <property name="sun.arch.data.model" value="64"/>
    <property name="user.variant" value=""/>
    <property name="java.vendor.url" value="http://java.oracle.com/"/>
    <property name="user.timezone" value=""/>
    <property name="java.vm.specification.version" value="1.8"/>
    <property name="os.name" value="Windows 10"/>
    <property name="user.country" value="CN"/>
    <property name="sun.java.launcher" value="SUN_STANDARD"/>
    <property name="sun.boot.library.path" value="C:\software\jdk\jre\bin"/>
    <property name="sun.java.command" value="C:\Users\liulele\AppData\Local\Temp\surefire3651298208517514838\surefirebooter6303963858418975617.jar C:\Users\liulele\AppData\Local\Temp\surefire3651298208517514838 2019-08-16T09-13-46_290-jvmRun1 surefire1063891997683858152tmp surefire_030322483770103193tmp"/>
    <property name="surefire.test.class.path" value="D:\codeDemo\backend\DataCenter\DataCenterServer\target\test-classes;D:\codeDemo\backend\DataCenter\DataCenterServer\target\classes;D:\reponsitory\org\springframework\cloud\spring-cloud-starter-netflix-eureka-client\2.0.0.RELEASE\spring-cloud-starter-netflix-eureka-client-2.0.0.RELEASE.jar;D:\reponsitory\org\springframework\cloud\spring-cloud-starter\2.0.0.RELEASE\spring-cloud-starter-2.0.0.RELEASE.jar;D:\reponsitory\org\springframework\cloud\spring-cloud-context\2.0.0.RELEASE\spring-cloud-context-2.0.0.RELEASE.jar;D:\reponsitory\org\springframework\security\spring-security-crypto\5.0.9.RELEASE\spring-security-crypto-5.0.9.RELEASE.jar;D:\reponsitory\org\springframework\cloud\spring-cloud-commons\2.0.0.RELEASE\spring-cloud-commons-2.0.0.RELEASE.jar;D:\reponsitory\org\springframework\security\spring-security-rsa\1.0.5.RELEASE\spring-security-rsa-1.0.5.RELEASE.jar;D:\reponsitory\org\bouncycastle\bcpkix-jdk15on\1.56\bcpkix-jdk15on-1.56.jar;D:\reponsitory\org\bouncycastle\bcprov-jdk15on\1.56\bcprov-jdk15on-1.56.jar;D:\reponsitory\org\springframework\cloud\spring-cloud-netflix-core\2.0.0.RELEASE\spring-cloud-netflix-core-2.0.0.RELEASE.jar;D:\reponsitory\org\springframework\boot\spring-boot-autoconfigure\2.0.6.RELEASE\spring-boot-autoconfigure-2.0.6.RELEASE.jar;D:\reponsitory\org\springframework\cloud\spring-cloud-netflix-eureka-client\2.0.0.RELEASE\spring-cloud-netflix-eureka-client-2.0.0.RELEASE.jar;D:\reponsitory\com\netflix\eureka\eureka-client\1.9.2\eureka-client-1.9.2.jar;D:\reponsitory\org\codehaus\jettison\jettison\1.3.7\jettison-1.3.7.jar;D:\reponsitory\stax\stax-api\1.0.1\stax-api-1.0.1.jar;D:\reponsitory\com\netflix\netflix-commons\netflix-eventbus\0.3.0\netflix-eventbus-0.3.0.jar;D:\reponsitory\com\netflix\netflix-commons\netflix-infix\0.3.0\netflix-infix-0.3.0.jar;D:\reponsitory\commons-jxpath\commons-jxpath\1.3\commons-jxpath-1.3.jar;D:\reponsitory\joda-time\joda-time\2.9.9\joda-time-2.9.9.jar;D:\reponsitory\org\antlr\antlr-runtime\3.4\antlr-runtime-3.4.jar;D:\reponsitory\org\antlr\stringtemplate\3.2.1\stringtemplate-3.2.1.jar;D:\reponsitory\antlr\antlr\2.7.7\antlr-2.7.7.jar;D:\reponsitory\org\apache\commons\commons-math\2.2\commons-math-2.2.jar;D:\reponsitory\com\netflix\archaius\archaius-core\0.7.6\archaius-core-0.7.6.jar;D:\reponsitory\javax\ws\rs\jsr311-api\1.1.1\jsr311-api-1.1.1.jar;D:\reponsitory\com\netflix\servo\servo-core\0.12.21\servo-core-0.12.21.jar;D:\reponsitory\com\sun\jersey\jersey-core\1.19.1\jersey-core-1.19.1.jar;D:\reponsitory\com\sun\jersey\jersey-client\1.19.1\jersey-client-1.19.1.jar;D:\reponsitory\com\sun\jersey\contribs\jersey-apache-client4\1.19.1\jersey-apache-client4-1.19.1.jar;D:\reponsitory\com\google\inject\guice\4.1.0\guice-4.1.0.jar;D:\reponsitory\javax\inject\javax.inject\1\javax.inject-1.jar;D:\reponsitory\aopalliance\aopalliance\1.0\aopalliance-1.0.jar;D:\reponsitory\com\github\vlsi\compactmap\compactmap\1.2.1\compactmap-1.2.1.jar;D:\reponsitory\com\github\andrewoma\dexx\dexx-collections\0.2\dexx-collections-0.2.jar;D:\reponsitory\com\fasterxml\jackson\core\jackson-annotations\2.9.0\jackson-annotations-2.9.0.jar;D:\reponsitory\com\fasterxml\jackson\core\jackson-core\2.9.7\jackson-core-2.9.7.jar;D:\reponsitory\com\fasterxml\jackson\core\jackson-databind\2.9.7\jackson-databind-2.9.7.jar;D:\reponsitory\com\netflix\eureka\eureka-core\1.9.2\eureka-core-1.9.2.jar;D:\reponsitory\org\codehaus\woodstox\woodstox-core-asl\4.4.1\woodstox-core-asl-4.4.1.jar;D:\reponsitory\javax\xml\stream\stax-api\1.0-2\stax-api-1.0-2.jar;D:\reponsitory\org\codehaus\woodstox\stax2-api\3.1.4\stax2-api-3.1.4.jar;D:\reponsitory\org\springframework\cloud\spring-cloud-starter-netflix-archaius\2.0.0.RELEASE\spring-cloud-starter-netflix-archaius-2.0.0.RELEASE.jar;D:\reponsitory\org\springframework\cloud\spring-cloud-netflix-ribbon\2.0.0.RELEASE\spring-cloud-netflix-ribbon-2.0.0.RELEASE.jar;D:\reponsitory\org\springframework\cloud\spring-cloud-netflix-archaius\2.0.0.RELEASE\spring-cloud-netflix-archaius-2.0.0.RELEASE.jar;D:\reponsitory\commons-configuration\commons-configuration\1.8\commons-configuration-1.8.jar;D:\reponsitory\commons-lang\commons-lang\2.6\commons-lang-2.6.jar;D:\reponsitory\org\springframework\cloud\spring-cloud-starter-netflix-ribbon\2.0.0.RELEASE\spring-cloud-starter-netflix-ribbon-2.0.0.RELEASE.jar;D:\reponsitory\com\netflix\ribbon\ribbon\2.2.5\ribbon-2.2.5.jar;D:\reponsitory\com\netflix\ribbon\ribbon-transport\2.2.5\ribbon-transport-2.2.5.jar;D:\reponsitory\io\reactivex\rxnetty-contexts\0.4.9\rxnetty-contexts-0.4.9.jar;D:\reponsitory\io\reactivex\rxnetty-servo\0.4.9\rxnetty-servo-0.4.9.jar;D:\reponsitory\com\netflix\hystrix\hystrix-core\1.5.12\hystrix-core-1.5.12.jar;D:\reponsitory\org\hdrhistogram\HdrHistogram\2.1.9\HdrHistogram-2.1.9.jar;D:\reponsitory\io\reactivex\rxnetty\0.4.9\rxnetty-0.4.9.jar;D:\reponsitory\io\netty\netty-codec-http\4.1.29.Final\netty-codec-http-4.1.29.Final.jar;D:\reponsitory\io\netty\netty-codec\4.1.29.Final\netty-codec-4.1.29.Final.jar;D:\reponsitory\io\netty\netty-transport-native-epoll\4.1.29.Final\netty-transport-native-epoll-4.1.29.Final.jar;D:\reponsitory\io\netty\netty-common\4.1.29.Final\netty-common-4.1.29.Final.jar;D:\reponsitory\io\netty\netty-buffer\4.1.29.Final\netty-buffer-4.1.29.Final.jar;D:\reponsitory\io\netty\netty-transport-native-unix-common\4.1.29.Final\netty-transport-native-unix-common-4.1.29.Final.jar;D:\reponsitory\io\netty\netty-transport\4.1.29.Final\netty-transport-4.1.29.Final.jar;D:\reponsitory\io\netty\netty-resolver\4.1.29.Final\netty-resolver-4.1.29.Final.jar;D:\reponsitory\com\netflix\ribbon\ribbon-core\2.2.5\ribbon-core-2.2.5.jar;D:\reponsitory\com\netflix\ribbon\ribbon-httpclient\2.2.5\ribbon-httpclient-2.2.5.jar;D:\reponsitory\commons-collections\commons-collections\3.2.2\commons-collections-3.2.2.jar;D:\reponsitory\com\netflix\netflix-commons\netflix-commons-util\0.3.0\netflix-commons-util-0.3.0.jar;D:\reponsitory\com\netflix\ribbon\ribbon-loadbalancer\2.2.5\ribbon-loadbalancer-2.2.5.jar;D:\reponsitory\com\netflix\netflix-commons\netflix-statistics\0.1.1\netflix-statistics-0.1.1.jar;D:\reponsitory\io\reactivex\rxjava\1.3.8\rxjava-1.3.8.jar;D:\reponsitory\com\netflix\ribbon\ribbon-eureka\2.2.5\ribbon-eureka-2.2.5.jar;D:\reponsitory\com\thoughtworks\xstream\xstream\1.4.10\xstream-1.4.10.jar;D:\reponsitory\xmlpull\xmlpull\1.1.3.1\xmlpull-1.1.3.1.jar;D:\reponsitory\xpp3\xpp3_min\1.1.4c\xpp3_min-1.1.4c.jar;D:\reponsitory\org\springframework\boot\spring-boot-starter-web\2.0.6.RELEASE\spring-boot-starter-web-2.0.6.RELEASE.jar;D:\reponsitory\org\springframework\boot\spring-boot-starter\2.0.6.RELEASE\spring-boot-starter-2.0.6.RELEASE.jar;D:\reponsitory\org\springframework\boot\spring-boot\2.0.6.RELEASE\spring-boot-2.0.6.RELEASE.jar;D:\reponsitory\org\springframework\boot\spring-boot-starter-logging\2.0.6.RELEASE\spring-boot-starter-logging-2.0.6.RELEASE.jar;D:\reponsitory\ch\qos\logback\logback-classic\1.2.3\logback-classic-1.2.3.jar;D:\reponsitory\ch\qos\logback\logback-core\1.2.3\logback-core-1.2.3.jar;D:\reponsitory\org\apache\logging\log4j\log4j-to-slf4j\2.10.0\log4j-to-slf4j-2.10.0.jar;D:\reponsitory\org\apache\logging\log4j\log4j-api\2.10.0\log4j-api-2.10.0.jar;D:\reponsitory\org\slf4j\jul-to-slf4j\1.7.25\jul-to-slf4j-1.7.25.jar;D:\reponsitory\javax\annotation\javax.annotation-api\1.3.2\javax.annotation-api-1.3.2.jar;D:\reponsitory\org\springframework\boot\spring-boot-starter-json\2.0.6.RELEASE\spring-boot-starter-json-2.0.6.RELEASE.jar;D:\reponsitory\com\fasterxml\jackson\datatype\jackson-datatype-jdk8\2.9.7\jackson-datatype-jdk8-2.9.7.jar;D:\reponsitory\com\fasterxml\jackson\datatype\jackson-datatype-jsr310\2.9.7\jackson-datatype-jsr310-2.9.7.jar;D:\reponsitory\com\fasterxml\jackson\module\jackson-module-parameter-names\2.9.7\jackson-module-parameter-names-2.9.7.jar;D:\reponsitory\org\springframework\boot\spring-boot-starter-tomcat\2.0.6.RELEASE\spring-boot-starter-tomcat-2.0.6.RELEASE.jar;D:\reponsitory\org\apache\tomcat\embed\tomcat-embed-core\8.5.34\tomcat-embed-core-8.5.34.jar;D:\reponsitory\org\apache\tomcat\embed\tomcat-embed-el\8.5.34\tomcat-embed-el-8.5.34.jar;D:\reponsitory\org\apache\tomcat\embed\tomcat-embed-websocket\8.5.34\tomcat-embed-websocket-8.5.34.jar;D:\reponsitory\org\hibernate\validator\hibernate-validator\6.0.13.Final\hibernate-validator-6.0.13.Final.jar;D:\reponsitory\javax\validation\validation-api\2.0.1.Final\validation-api-2.0.1.Final.jar;D:\reponsitory\org\jboss\logging\jboss-logging\3.3.2.Final\jboss-logging-3.3.2.Final.jar;D:\reponsitory\org\springframework\spring-web\5.0.10.RELEASE\spring-web-5.0.10.RELEASE.jar;D:\reponsitory\org\springframework\spring-beans\5.0.10.RELEASE\spring-beans-5.0.10.RELEASE.jar;D:\reponsitory\org\springframework\spring-webmvc\5.0.10.RELEASE\spring-webmvc-5.0.10.RELEASE.jar;D:\reponsitory\org\springframework\spring-context\5.0.10.RELEASE\spring-context-5.0.10.RELEASE.jar;D:\reponsitory\org\springframework\spring-expression\5.0.10.RELEASE\spring-expression-5.0.10.RELEASE.jar;D:\reponsitory\org\springframework\boot\spring-boot-starter-aop\2.0.6.RELEASE\spring-boot-starter-aop-2.0.6.RELEASE.jar;D:\reponsitory\org\springframework\spring-aop\5.0.10.RELEASE\spring-aop-5.0.10.RELEASE.jar;D:\reponsitory\org\aspectj\aspectjweaver\1.8.13\aspectjweaver-1.8.13.jar;D:\reponsitory\com\google\code\gson\gson\2.7\gson-2.7.jar;D:\reponsitory\org\springframework\boot\spring-boot-starter-test\2.0.6.RELEASE\spring-boot-starter-test-2.0.6.RELEASE.jar;D:\reponsitory\org\springframework\boot\spring-boot-test\2.0.6.RELEASE\spring-boot-test-2.0.6.RELEASE.jar;D:\reponsitory\org\springframework\boot\spring-boot-test-autoconfigure\2.0.6.RELEASE\spring-boot-test-autoconfigure-2.0.6.RELEASE.jar;D:\reponsitory\com\jayway\jsonpath\json-path\2.4.0\json-path-2.4.0.jar;D:\reponsitory\net\minidev\json-smart\2.3\json-smart-2.3.jar;D:\reponsitory\net\minidev\accessors-smart\1.2\accessors-smart-1.2.jar;D:\reponsitory\org\ow2\asm\asm\5.0.4\asm-5.0.4.jar;D:\reponsitory\junit\junit\4.12\junit-4.12.jar;D:\reponsitory\org\assertj\assertj-core\3.9.1\assertj-core-3.9.1.jar;D:\reponsitory\org\hamcrest\hamcrest-core\1.3\hamcrest-core-1.3.jar;D:\reponsitory\org\hamcrest\hamcrest-library\1.3\hamcrest-library-1.3.jar;D:\reponsitory\org\skyscreamer\jsonassert\1.5.0\jsonassert-1.5.0.jar;D:\reponsitory\com\vaadin\external\google\android-json\0.0.20131108.vaadin1\android-json-0.0.20131108.vaadin1.jar;D:\reponsitory\org\springframework\spring-core\5.0.10.RELEASE\spring-core-5.0.10.RELEASE.jar;D:\reponsitory\org\springframework\spring-jcl\5.0.10.RELEASE\spring-jcl-5.0.10.RELEASE.jar;D:\reponsitory\org\springframework\spring-test\5.0.10.RELEASE\spring-test-5.0.10.RELEASE.jar;D:\reponsitory\org\xmlunit\xmlunit-core\2.5.1\xmlunit-core-2.5.1.jar;D:\reponsitory\org\mockito\mockito-core\2.15.0\mockito-core-2.15.0.jar;D:\reponsitory\net\bytebuddy\byte-buddy\1.7.11\byte-buddy-1.7.11.jar;D:\reponsitory\net\bytebuddy\byte-buddy-agent\1.7.11\byte-buddy-agent-1.7.11.jar;D:\reponsitory\org\objenesis\objenesis\2.6\objenesis-2.6.jar;D:\reponsitory\com\alibaba\fastjson\1.2.6\fastjson-1.2.6.jar;D:\reponsitory\org\mybatis\spring\boot\mybatis-spring-boot-starter\1.3.0\mybatis-spring-boot-starter-1.3.0.jar;D:\reponsitory\org\mybatis\spring\boot\mybatis-spring-boot-autoconfigure\1.3.0\mybatis-spring-boot-autoconfigure-1.3.0.jar;D:\reponsitory\org\mybatis\mybatis\3.4.4\mybatis-3.4.4.jar;D:\reponsitory\org\mybatis\mybatis-spring\1.3.1\mybatis-spring-1.3.1.jar;D:\reponsitory\org\mybatis\mybatis-typehandlers-jsr310\1.0.2\mybatis-typehandlers-jsr310-1.0.2.jar;D:\reponsitory\mysql\mysql-connector-java\5.1.47\mysql-connector-java-5.1.47.jar;D:\reponsitory\org\springframework\boot\spring-boot-starter-freemarker\2.0.6.RELEASE\spring-boot-starter-freemarker-2.0.6.RELEASE.jar;D:\reponsitory\org\freemarker\freemarker\2.3.28\freemarker-2.3.28.jar;D:\reponsitory\org\springframework\spring-context-support\5.0.10.RELEASE\spring-context-support-5.0.10.RELEASE.jar;D:\reponsitory\org\apache\httpcomponents\httpclient\4.5.2\httpclient-4.5.2.jar;D:\reponsitory\org\apache\httpcomponents\httpcore\4.4.10\httpcore-4.4.10.jar;D:\reponsitory\commons-codec\commons-codec\1.11\commons-codec-1.11.jar;D:\reponsitory\org\apache\httpcomponents\httpmime\4.5.2\httpmime-4.5.2.jar;D:\reponsitory\com\alibaba\druid\1.1.10\druid-1.1.10.jar;D:\reponsitory\org\springframework\boot\spring-boot-starter-jdbc\2.0.6.RELEASE\spring-boot-starter-jdbc-2.0.6.RELEASE.jar;D:\reponsitory\com\zaxxer\HikariCP\2.7.9\HikariCP-2.7.9.jar;D:\reponsitory\org\springframework\spring-jdbc\5.0.10.RELEASE\spring-jdbc-5.0.10.RELEASE.jar;D:\reponsitory\org\springframework\spring-tx\5.0.10.RELEASE\spring-tx-5.0.10.RELEASE.jar;D:\reponsitory\org\yaml\snakeyaml\1.19\snakeyaml-1.19.jar;D:\reponsitory\io\springfox\springfox-swagger2\2.6.1\springfox-swagger2-2.6.1.jar;D:\reponsitory\io\swagger\swagger-annotations\1.5.10\swagger-annotations-1.5.10.jar;D:\reponsitory\io\swagger\swagger-models\1.5.10\swagger-models-1.5.10.jar;D:\reponsitory\io\springfox\springfox-spi\2.6.1\springfox-spi-2.6.1.jar;D:\reponsitory\io\springfox\springfox-core\2.6.1\springfox-core-2.6.1.jar;D:\reponsitory\io\springfox\springfox-schema\2.6.1\springfox-schema-2.6.1.jar;D:\reponsitory\io\springfox\springfox-swagger-common\2.6.1\springfox-swagger-common-2.6.1.jar;D:\reponsitory\io\springfox\springfox-spring-web\2.6.1\springfox-spring-web-2.6.1.jar;D:\reponsitory\com\google\guava\guava\18.0\guava-18.0.jar;D:\reponsitory\com\fasterxml\classmate\1.3.4\classmate-1.3.4.jar;D:\reponsitory\org\slf4j\slf4j-api\1.7.25\slf4j-api-1.7.25.jar;D:\reponsitory\org\springframework\plugin\spring-plugin-core\1.2.0.RELEASE\spring-plugin-core-1.2.0.RELEASE.jar;D:\reponsitory\org\springframework\plugin\spring-plugin-metadata\1.2.0.RELEASE\spring-plugin-metadata-1.2.0.RELEASE.jar;D:\reponsitory\org\mapstruct\mapstruct\1.0.0.Final\mapstruct-1.0.0.Final.jar;D:\reponsitory\io\springfox\springfox-swagger-ui\2.6.1\springfox-swagger-ui-2.6.1.jar;"/>
    <property name="sun.cpu.endian" value="little"/>
    <property name="user.home" value="C:\Users\liulele"/>
    <property name="user.language" value="zh"/>
    <property name="java.specification.vendor" value="Oracle Corporation"/>
    <property name="java.home" value="C:\software\jdk\jre"/>
    <property name="basedir" value="D:\codeDemo\backend\DataCenter\DataCenterServer"/>
    <property name="file.separator" value="\"/>
    <property name="line.separator" value="&#10;"/>
    <property name="java.vm.specification.vendor" value="Oracle Corporation"/>
    <property name="java.specification.name" value="Java Platform API Specification"/>
    <property name="java.awt.graphicsenv" value="sun.awt.Win32GraphicsEnvironment"/>
    <property name="surefire.real.class.path" value="C:\Users\liulele\AppData\Local\Temp\surefire3651298208517514838\surefirebooter6303963858418975617.jar"/>
    <property name="sun.boot.class.path" value="C:\software\jdk\jre\lib\resources.jar;C:\software\jdk\jre\lib\rt.jar;C:\software\jdk\jre\lib\sunrsasign.jar;C:\software\jdk\jre\lib\jsse.jar;C:\software\jdk\jre\lib\jce.jar;C:\software\jdk\jre\lib\charsets.jar;C:\software\jdk\jre\lib\jfr.jar;C:\software\jdk\jre\classes"/>
    <property name="user.script" value=""/>
    <property name="sun.management.compiler" value="HotSpot 64-Bit Tiered Compilers"/>
    <property name="java.runtime.version" value="1.8.0_131-b11"/>
    <property name="user.name" value="liulele"/>
    <property name="path.separator" value=";"/>
    <property name="os.version" value="10.0"/>
    <property name="java.endorsed.dirs" value="C:\software\jdk\jre\lib\endorsed"/>
    <property name="java.runtime.name" value="Java(TM) SE Runtime Environment"/>
    <property name="file.encoding" value="GBK"/>
    <property name="java.vm.name" value="Java HotSpot(TM) 64-Bit Server VM"/>
    <property name="localRepository" value="D:\reponsitory"/>
    <property name="java.vendor.url.bug" value="http://bugreport.sun.com/bugreport/"/>
    <property name="java.io.tmpdir" value="C:\Users\liulele\AppData\Local\Temp\"/>
    <property name="idea.version" value="2018.1.5"/>
    <property name="java.version" value="1.8.0_131"/>
    <property name="user.dir" value="D:\codeDemo\backend\DataCenter\DataCenterServer"/>
    <property name="os.arch" value="amd64"/>
    <property name="java.vm.specification.name" value="Java Virtual Machine Specification"/>
    <property name="java.awt.printerjob" value="sun.awt.windows.WPrinterJob"/>
    <property name="sun.os.patch.level" value=""/>
    <property name="java.library.path" value="C:\software\jdk\jre\bin;C:\Windows\Sun\Java\bin;C:\Windows\system32;C:\Windows;C:\ProgramData\Oracle\Java\javapath;C:\Windows\system32;C:\Windows;C:\Windows\System32\Wbem;C:\Windows\System32\WindowsPowerShell\v1.0\;C:\software\jdk\bin;C:\software\jdk\lib;D:\apache-maven-3.6.1\bin;C:\Program Files\TortoiseSVN\bin;C:\Program Files\nodejs\;C:\\Program;C:\web\mysql-8.0.11\bin;C:\Program Files\Git\cmd;C:\Program Files\Microsoft VS Code\bin;C:\Program Files\Git\cmd;C:\Users\liulele\AppData\Local\Microsoft\WindowsApps;C:\Users\liulele\AppData\Roaming\npm;."/>
    <property name="java.vm.info" value="mixed mode"/>
    <property name="java.vendor" value="Oracle Corporation"/>
    <property name="java.vm.version" value="25.131-b11"/>
    <property name="java.ext.dirs" value="C:\software\jdk\jre\lib\ext;C:\Windows\Sun\Java\lib\ext"/>
    <property name="sun.io.unicode.encoding" value="UnicodeLittle"/>
    <property name="maven.repo.local" value="D:\reponsitory"/>
    <property name="java.class.version" value="52.0"/>
  </properties>
  <testcase name="listDataObject" classname="com.tianyi.datacenter.server.controller.object.DataObjectControllerUnitTest" time="0"/>
  <testcase name="deleteDataObject" classname="com.tianyi.datacenter.server.controller.object.DataObjectControllerUnitTest" time="0"/>
  <testcase name="updateDataObject" classname="com.tianyi.datacenter.server.controller.object.DataObjectControllerUnitTest" time="0"/>
  <testcase name="addDataObject" classname="com.tianyi.datacenter.server.controller.object.DataObjectControllerUnitTest" time="0"/>
  <testcase name="bindDicAttribute" classname="com.tianyi.datacenter.server.controller.object.DataObjectControllerUnitTest" time="0"/>
</testsuite>